\BOOKMARK [0][-]{chapter*.2}{\376\377\000N\000o\000m\000e\000n\000c\000l\000a\000t\000u\000r\000e}{}% 1
\BOOKMARK [1][-]{section.0.1}{\376\377\000A\000b\000b\000r\000e\000v\000i\000a\000t\000i\000o\000n\000s\000\040\000a\000n\000d\000\040\000d\000e\000f\000i\000n\000i\000t\000i\000o\000n\000s}{chapter*.2}% 2
\BOOKMARK [0][-]{chapter.1}{\376\377\000I\000n\000t\000r\000o\000d\000u\000c\000t\000i\000o\000n}{}% 3
\BOOKMARK [1][-]{section.1.1}{\376\377\000C\000a\000s\000e}{chapter.1}% 4
\BOOKMARK [1][-]{section.1.2}{\376\377\000P\000r\000o\000j\000e\000k\000t\000e\000t}{chapter.1}% 5
\BOOKMARK [2][-]{subsection.1.2.1}{\376\377\000P\000r\000o\000b\000l\000e\000m\000f\000o\000r\000m\000u\000l\000e\000r\000i\000n\000g}{section.1.2}% 6
\BOOKMARK [2][-]{subsection.1.2.2}{\376\377\000F\000o\000r\000m\000\345\000l}{section.1.2}% 7
\BOOKMARK [2][-]{subsection.1.2.3}{\376\377\000A\000f\000g\000r\000\346\000n\000s\000n\000i\000n\000g}{section.1.2}% 8
\BOOKMARK [2][-]{subsection.1.2.4}{\376\377\000R\000a\000p\000p\000o\000r\000t\000e\000n\000s\000\040\000o\000p\000b\000y\000g\000n\000i\000n\000g}{section.1.2}% 9
\BOOKMARK [2][-]{subsection.1.2.5}{\376\377\000M\000e\000t\000o\000d\000e\000\040\000o\000g\000\040\000t\000e\000k\000n\000o\000l\000o\000g\000i}{section.1.2}% 10
\BOOKMARK [0][-]{chapter.2}{\376\377\000U\000d\000g\000a\000n\000g\000s\000p\000u\000n\000k\000t\000\040\000f\000o\000r\000\040\000p\000r\000o\000j\000e\000k\000t\000e\000t}{}% 11
\BOOKMARK [1][-]{section.2.1}{\376\377\000S\000p\000r\000i\000n\000t\000\040\000R\000e\000t\000r\000o\000s\000p\000e\000k\000t\000i\000v\000e}{chapter.2}% 12
\BOOKMARK [1][-]{section.2.2}{\376\377\000V\000i\000d\000e\000r\000e\000f\000\370\000r\000s\000e\000l}{chapter.2}% 13
\BOOKMARK [2][-]{subsection.2.2.1}{\376\377\000O\000p\000d\000e\000l\000i\000n\000g\000\040\000a\000f\000\040\000a\000r\000v}{section.2.2}% 14
\BOOKMARK [2][-]{subsection.2.2.2}{\376\377\000S\000C\000R\000U\000M\000\040\000s\000o\000m\000\040\000e\000n\000k\000e\000l\000t\000m\000a\000n\000d}{section.2.2}% 15
\BOOKMARK [2][-]{subsection.2.2.3}{\376\377\000S\000p\000r\000i\000n\000t\000\040\000p\000l\000a\000n\000n\000i\000n\000g}{section.2.2}% 16
\BOOKMARK [0][-]{chapter.3}{\376\377\000F\000o\000r\000r\000e\000t\000n\000i\000n\000g\000s\000a\000n\000a\000l\000y\000s\000e}{}% 17
\BOOKMARK [1][-]{section.3.1}{\376\377\000A\000n\000a\000l\000y\000s\000e\000\040\000a\000f\000\040\000f\000o\000r\000r\000e\000t\000n\000i\000n\000g\000s\000m\000o\000d\000e\000l}{chapter.3}% 18
\BOOKMARK [1][-]{section.3.2}{\376\377\000S\000W\000O\000T}{chapter.3}% 19
\BOOKMARK [1][-]{section.3.3}{\376\377\000B\000u\000s\000i\000n\000e\000s\000s\000\040\000M\000o\000d\000e\000l\000\040\000C\000a\000n\000v\000a\000s}{chapter.3}% 20
\BOOKMARK [1][-]{section.3.4}{\376\377\000I\000n\000c\000e\000p\000t\000i\000o\000n\000\040\000D\000e\000c\000k}{chapter.3}% 21
\BOOKMARK [2][-]{subsection.3.4.1}{\376\377\000W\000h\000y\000\040\000a\000r\000e\000\040\000w\000e\000\040\000h\000e\000r\000e\000?}{section.3.4}% 22
\BOOKMARK [2][-]{subsection.3.4.2}{\376\377\000E\000l\000e\000v\000a\000t\000o\000r\000\040\000P\000i\000t\000c\000h}{section.3.4}% 23
\BOOKMARK [2][-]{subsection.3.4.3}{\376\377\000P\000r\000o\000d\000u\000c\000t\000\040\000B\000o\000x}{section.3.4}% 24
\BOOKMARK [2][-]{subsection.3.4.4}{\376\377\000N\000O\000T\000\040\000L\000i\000s\000t}{section.3.4}% 25
\BOOKMARK [2][-]{subsection.3.4.5}{\376\377\000M\000e\000e\000t\000\040\000y\000o\000u\000r\000\040\000n\000e\000i\000g\000h\000b\000o\000r\000s}{section.3.4}% 26
\BOOKMARK [2][-]{subsection.3.4.6}{\376\377\000S\000h\000o\000w\000\040\000t\000h\000e\000\040\000s\000o\000l\000u\000t\000i\000o\000n}{section.3.4}% 27
\BOOKMARK [2][-]{subsection.3.4.7}{\376\377\000W\000h\000a\000t\000\040\000k\000e\000e\000p\000s\000\040\000u\000s\000\040\000u\000p\000\040\000a\000t\000\040\000n\000i\000g\000h\000t}{section.3.4}% 28
\BOOKMARK [2][-]{subsection.3.4.8}{\376\377\000S\000i\000z\000e\000\040\000i\000t\000\040\000u\000p}{section.3.4}% 29
\BOOKMARK [2][-]{subsection.3.4.9}{\376\377\000W\000h\000a\000t\000\040\000i\000s\000\040\000g\000o\000i\000n\000g\000\040\000t\000o\000\040\000g\000i\000v\000e}{section.3.4}% 30
\BOOKMARK [2][-]{subsection.3.4.10}{\376\377\000W\000h\000a\000t\000\040\000i\000t\000'\000s\000\040\000g\000o\000i\000n\000g\000\040\000t\000o\000\040\000t\000a\000k\000e}{section.3.4}% 31
\BOOKMARK [0][-]{chapter.4}{\376\377\000S\000C\000R\000U\000M\000\040\000P\000r\000o\000c\000e\000s}{}% 32
\BOOKMARK [1][-]{section.4.1}{\376\377\000W\000o\000r\000k\000f\000l\000o\000w\000s}{chapter.4}% 33
\BOOKMARK [2][-]{subsection.4.1.1}{\376\377\000W\000o\000r\000k\000f\000l\000o\000w\000\040\000e\000k\000s\000e\000m\000p\000e\000l}{section.4.1}% 34
\BOOKMARK [1][-]{section.4.2}{\376\377\000U\000s\000e\000r\000\040\000S\000t\000o\000r\000i\000e\000s}{chapter.4}% 35
\BOOKMARK [2][-]{subsection.4.2.1}{\376\377\000O\000p\000b\000y\000g\000n\000i\000n\000g\000\040\000a\000f\000\040\000U\000s\000e\000r\000\040\000S\000t\000o\000r\000i\000e\000s}{section.4.2}% 36
\BOOKMARK [2][-]{subsection.4.2.2}{\376\377\000P\000r\000i\000o\000r\000i\000t\000e\000r\000i\000n\000g\000\040\000a\000f\000\040\000U\000s\000e\000r\000\040\000S\000t\000o\000r\000i\000e\000s}{section.4.2}% 37
\BOOKMARK [2][-]{subsection.4.2.3}{\376\377\000E\000s\000t\000i\000m\000e\000r\000i\000n\000g\000\040\000a\000f\000\040\000U\000s\000e\000r\000\040\000S\000t\000o\000r\000i\000e\000s}{section.4.2}% 38
\BOOKMARK [2][-]{subsection.4.2.4}{\376\377\000U\000s\000e\000r\000\040\000S\000t\000o\000r\000y\000\040\000M\000a\000p\000p\000i\000n\000g}{section.4.2}% 39
\BOOKMARK [2][-]{subsection.4.2.5}{\376\377\000P\000r\000o\000d\000u\000c\000t\000\040\000b\000a\000c\000k\000l\000o\000g}{section.4.2}% 40
\BOOKMARK [1][-]{section.4.3}{\376\377\000S\000p\000r\000i\000n\000t\000s}{chapter.4}% 41
\BOOKMARK [2][-]{subsection.4.3.1}{\376\377\000S\000p\000r\000i\000n\000t\000\040\000P\000l\000a\000n\000n\000i\000n\000g}{section.4.3}% 42
\BOOKMARK [2][-]{subsection.4.3.2}{\376\377\000D\000a\000i\000l\000y\000\040\000S\000t\000a\000n\000d\000u\000p}{section.4.3}% 43
\BOOKMARK [2][-]{subsection.4.3.3}{\376\377\000S\000p\000r\000i\000n\000t\000\040\000R\000e\000v\000i\000e\000w}{section.4.3}% 44
\BOOKMARK [2][-]{subsection.4.3.4}{\376\377\000S\000p\000r\000i\000n\000t\000\040\000R\000e\000t\000r\000o\000s\000p\000e\000c\000t\000i\000v\000e}{section.4.3}% 45
\BOOKMARK [1][-]{section.4.4}{\376\377\000B\000u\000r\000n\000d\000o\000w\000n\000\040\000C\000h\000a\000r\000t}{chapter.4}% 46
\BOOKMARK [1][-]{section.4.5}{\376\377\000V\000e\000l\000o\000c\000i\000t\000y}{chapter.4}% 47
