\BOOKMARK [0][-]{chapter.1}{\376\377\0001\000\040\000N\000a\000m\000e\000s\000p\000a\000c\000e\000\040\000I\000n\000d\000e\000x}{}% 1
\BOOKMARK [1][-]{section.1.1}{\376\377\0001\000.\0001\000\040\000P\000a\000c\000k\000a\000g\000e\000\040\000L\000i\000s\000t}{chapter.1}% 2
\BOOKMARK [0][-]{chapter.2}{\376\377\0002\000\040\000H\000i\000e\000r\000a\000r\000c\000h\000i\000c\000a\000l\000\040\000I\000n\000d\000e\000x}{}% 3
\BOOKMARK [1][-]{section.2.1}{\376\377\0002\000.\0001\000\040\000C\000l\000a\000s\000s\000\040\000H\000i\000e\000r\000a\000r\000c\000h\000y}{chapter.2}% 4
\BOOKMARK [0][-]{chapter.3}{\376\377\0003\000\040\000C\000l\000a\000s\000s\000\040\000I\000n\000d\000e\000x}{}% 5
\BOOKMARK [1][-]{section.3.1}{\376\377\0003\000.\0001\000\040\000C\000l\000a\000s\000s\000\040\000L\000i\000s\000t}{chapter.3}% 6
\BOOKMARK [0][-]{chapter.4}{\376\377\0004\000\040\000F\000i\000l\000e\000\040\000I\000n\000d\000e\000x}{}% 7
\BOOKMARK [1][-]{section.4.1}{\376\377\0004\000.\0001\000\040\000F\000i\000l\000e\000\040\000L\000i\000s\000t}{chapter.4}% 8
\BOOKMARK [0][-]{chapter.5}{\376\377\0005\000\040\000N\000a\000m\000e\000s\000p\000a\000c\000e\000\040\000D\000o\000c\000u\000m\000e\000n\000t\000a\000t\000i\000o\000n}{}% 9
\BOOKMARK [1][-]{section.5.1}{\376\377\0005\000.\0001\000\040\000H\000t\000t\000p\000W\000e\000b\000s\000h\000o\000p\000C\000o\000o\000k\000i\000e\000\040\000N\000a\000m\000e\000s\000p\000a\000c\000e\000\040\000R\000e\000f\000e\000r\000e\000n\000c\000e}{chapter.5}% 10
\BOOKMARK [1][-]{section.5.2}{\376\377\0005\000.\0002\000\040\000H\000t\000t\000p\000W\000e\000b\000s\000h\000o\000p\000C\000o\000o\000k\000i\000e\000.\000S\000e\000r\000v\000i\000c\000e\000s\000\040\000N\000a\000m\000e\000s\000p\000a\000c\000e\000\040\000R\000e\000f\000e\000r\000e\000n\000c\000e}{chapter.5}% 11
\BOOKMARK [0][-]{chapter.6}{\376\377\0006\000\040\000C\000l\000a\000s\000s\000\040\000D\000o\000c\000u\000m\000e\000n\000t\000a\000t\000i\000o\000n}{}% 12
\BOOKMARK [1][-]{section.6.1}{\376\377\0006\000.\0001\000\040\000H\000t\000t\000p\000W\000e\000b\000s\000h\000o\000p\000C\000o\000o\000k\000i\000e\000.\000S\000e\000r\000v\000i\000c\000e\000s\000.\000B\000a\000s\000k\000e\000t\000S\000e\000r\000v\000i\000c\000e\000\040\000C\000l\000a\000s\000s\000\040\000R\000e\000f\000e\000r\000e\000n\000c\000e}{chapter.6}% 13
\BOOKMARK [2][-]{subsection.6.1.1}{\376\377\0006\000.\0001\000.\0001\000\040\000D\000e\000t\000a\000i\000l\000e\000d\000\040\000D\000e\000s\000c\000r\000i\000p\000t\000i\000o\000n}{section.6.1}% 14
\BOOKMARK [2][-]{subsection.6.1.2}{\376\377\0006\000.\0001\000.\0002\000\040\000C\000o\000n\000s\000t\000r\000u\000c\000t\000o\000r\000\040\000\046\000\040\000D\000e\000s\000t\000r\000u\000c\000t\000o\000r\000\040\000D\000o\000c\000u\000m\000e\000n\000t\000a\000t\000i\000o\000n}{section.6.1}% 15
\BOOKMARK [3][-]{subsubsection.6.1.2.1}{\376\377\0006\000.\0001\000.\0002\000.\0001\000\040\000B\000a\000s\000k\000e\000t\000S\000e\000r\000v\000i\000c\000e\000\050\000\051}{subsection.6.1.2}% 16
\BOOKMARK [2][-]{subsection.6.1.3}{\376\377\0006\000.\0001\000.\0003\000\040\000M\000e\000m\000b\000e\000r\000\040\000F\000u\000n\000c\000t\000i\000o\000n\000\040\000D\000o\000c\000u\000m\000e\000n\000t\000a\000t\000i\000o\000n}{section.6.1}% 17
\BOOKMARK [3][-]{subsubsection.6.1.3.1}{\376\377\0006\000.\0001\000.\0003\000.\0001\000\040\000A\000d\000d\000T\000o\000B\000a\000s\000k\000e\000t\000\050\000\051}{subsection.6.1.3}% 18
\BOOKMARK [3][-]{subsubsection.6.1.3.2}{\376\377\0006\000.\0001\000.\0003\000.\0002\000\040\000C\000l\000e\000a\000r\000B\000a\000s\000k\000e\000t\000\050\000\051}{subsection.6.1.3}% 19
\BOOKMARK [3][-]{subsubsection.6.1.3.3}{\376\377\0006\000.\0001\000.\0003\000.\0003\000\040\000G\000e\000t\000A\000l\000l\000Q\000u\000a\000n\000t\000i\000t\000i\000e\000s\000I\000n\000B\000a\000s\000k\000e\000t\000\050\000\051}{subsection.6.1.3}% 20
\BOOKMARK [3][-]{subsubsection.6.1.3.4}{\376\377\0006\000.\0001\000.\0003\000.\0004\000\040\000G\000e\000t\000O\000r\000C\000r\000e\000a\000t\000e\000B\000a\000s\000k\000e\000t\000\050\000\051\000\040\000[\0001\000/\0002\000]}{subsection.6.1.3}% 21
\BOOKMARK [3][-]{subsubsection.6.1.3.5}{\376\377\0006\000.\0001\000.\0003\000.\0005\000\040\000G\000e\000t\000O\000r\000C\000r\000e\000a\000t\000e\000B\000a\000s\000k\000e\000t\000\050\000\051\000\040\000[\0002\000/\0002\000]}{subsection.6.1.3}% 22
\BOOKMARK [3][-]{subsubsection.6.1.3.6}{\376\377\0006\000.\0001\000.\0003\000.\0006\000\040\000G\000e\000t\000Q\000u\000a\000n\000t\000i\000t\000y\000I\000n\000B\000a\000s\000k\000e\000t\000\050\000\051}{subsection.6.1.3}% 23
\BOOKMARK [3][-]{subsubsection.6.1.3.7}{\376\377\0006\000.\0001\000.\0003\000.\0007\000\040\000I\000s\000I\000n\000B\000a\000s\000k\000e\000t\000\050\000\051}{subsection.6.1.3}% 24
\BOOKMARK [3][-]{subsubsection.6.1.3.8}{\376\377\0006\000.\0001\000.\0003\000.\0008\000\040\000P\000l\000a\000c\000e\000O\000r\000d\000e\000r\000\050\000\051}{subsection.6.1.3}% 25
\BOOKMARK [3][-]{subsubsection.6.1.3.9}{\376\377\0006\000.\0001\000.\0003\000.\0009\000\040\000R\000e\000m\000o\000v\000e\000F\000r\000o\000m\000B\000a\000s\000k\000e\000t\000\050\000\051}{subsection.6.1.3}% 26
\BOOKMARK [3][-]{subsubsection.6.1.3.10}{\376\377\0006\000.\0001\000.\0003\000.\0001\0000\000\040\000U\000p\000d\000a\000t\000e\000B\000a\000s\000k\000e\000t\000I\000t\000e\000m\000Q\000u\000a\000n\000t\000i\000t\000y\000\050\000\051}{subsection.6.1.3}% 27
\BOOKMARK [1][-]{section.6.2}{\376\377\0006\000.\0002\000\040\000H\000t\000t\000p\000W\000e\000b\000s\000h\000o\000p\000C\000o\000o\000k\000i\000e\000.\000S\000e\000r\000v\000i\000c\000e\000s\000.\000E\000m\000a\000i\000l\000S\000e\000r\000v\000i\000c\000e\000\040\000C\000l\000a\000s\000s\000\040\000R\000e\000f\000e\000r\000e\000n\000c\000e}{chapter.6}% 28
\BOOKMARK [1][-]{section.6.3}{\376\377\0006\000.\0003\000\040\000H\000t\000t\000p\000W\000e\000b\000s\000h\000o\000p\000C\000o\000o\000k\000i\000e\000.\000S\000e\000r\000v\000i\000c\000e\000s\000.\000I\000d\000e\000n\000t\000i\000t\000y\000E\000m\000a\000i\000l\000S\000e\000n\000d\000e\000r\000\040\000C\000l\000a\000s\000s\000\040\000R\000e\000f\000e\000r\000e\000n\000c\000e}{chapter.6}% 29
\BOOKMARK [2][-]{subsection.6.3.1}{\376\377\0006\000.\0003\000.\0001\000\040\000D\000e\000t\000a\000i\000l\000e\000d\000\040\000D\000e\000s\000c\000r\000i\000p\000t\000i\000o\000n}{section.6.3}% 30
\BOOKMARK [2][-]{subsection.6.3.2}{\376\377\0006\000.\0003\000.\0002\000\040\000C\000o\000n\000s\000t\000r\000u\000c\000t\000o\000r\000\040\000\046\000\040\000D\000e\000s\000t\000r\000u\000c\000t\000o\000r\000\040\000D\000o\000c\000u\000m\000e\000n\000t\000a\000t\000i\000o\000n}{section.6.3}% 31
\BOOKMARK [3][-]{subsubsection.6.3.2.1}{\376\377\0006\000.\0003\000.\0002\000.\0001\000\040\000I\000d\000e\000n\000t\000i\000t\000y\000E\000m\000a\000i\000l\000S\000e\000n\000d\000e\000r\000\050\000\051}{subsection.6.3.2}% 32
\BOOKMARK [2][-]{subsection.6.3.3}{\376\377\0006\000.\0003\000.\0003\000\040\000M\000e\000m\000b\000e\000r\000\040\000F\000u\000n\000c\000t\000i\000o\000n\000\040\000D\000o\000c\000u\000m\000e\000n\000t\000a\000t\000i\000o\000n}{section.6.3}% 33
\BOOKMARK [3][-]{subsubsection.6.3.3.1}{\376\377\0006\000.\0003\000.\0003\000.\0001\000\040\000S\000e\000n\000d\000E\000m\000a\000i\000l\000A\000s\000y\000n\000c\000\050\000\051}{subsection.6.3.3}% 34
\BOOKMARK [1][-]{section.6.4}{\376\377\0006\000.\0004\000\040\000H\000t\000t\000p\000W\000e\000b\000s\000h\000o\000p\000C\000o\000o\000k\000i\000e\000.\000S\000e\000r\000v\000i\000c\000e\000s\000.\000O\000r\000d\000e\000r\000S\000e\000r\000v\000i\000c\000e\000\040\000C\000l\000a\000s\000s\000\040\000R\000e\000f\000e\000r\000e\000n\000c\000e}{chapter.6}% 35
\BOOKMARK [2][-]{subsection.6.4.1}{\376\377\0006\000.\0004\000.\0001\000\040\000D\000e\000t\000a\000i\000l\000e\000d\000\040\000D\000e\000s\000c\000r\000i\000p\000t\000i\000o\000n}{section.6.4}% 36
\BOOKMARK [2][-]{subsection.6.4.2}{\376\377\0006\000.\0004\000.\0002\000\040\000C\000o\000n\000s\000t\000r\000u\000c\000t\000o\000r\000\040\000\046\000\040\000D\000e\000s\000t\000r\000u\000c\000t\000o\000r\000\040\000D\000o\000c\000u\000m\000e\000n\000t\000a\000t\000i\000o\000n}{section.6.4}% 37
\BOOKMARK [3][-]{subsubsection.6.4.2.1}{\376\377\0006\000.\0004\000.\0002\000.\0001\000\040\000O\000r\000d\000e\000r\000S\000e\000r\000v\000i\000c\000e\000\050\000\051}{subsection.6.4.2}% 38
\BOOKMARK [2][-]{subsection.6.4.3}{\376\377\0006\000.\0004\000.\0003\000\040\000M\000e\000m\000b\000e\000r\000\040\000F\000u\000n\000c\000t\000i\000o\000n\000\040\000D\000o\000c\000u\000m\000e\000n\000t\000a\000t\000i\000o\000n}{section.6.4}% 39
\BOOKMARK [3][-]{subsubsection.6.4.3.1}{\376\377\0006\000.\0004\000.\0003\000.\0001\000\040\000C\000r\000e\000a\000t\000e\000O\000r\000d\000e\000r\000F\000r\000o\000m\000B\000a\000s\000k\000e\000t\000\050\000\051}{subsection.6.4.3}% 40
\BOOKMARK [3][-]{subsubsection.6.4.3.2}{\376\377\0006\000.\0004\000.\0003\000.\0002\000\040\000D\000e\000l\000e\000t\000e\000O\000r\000d\000e\000r\000\050\000\051}{subsection.6.4.3}% 41
\BOOKMARK [3][-]{subsubsection.6.4.3.3}{\376\377\0006\000.\0004\000.\0003\000.\0003\000\040\000G\000e\000t\000O\000r\000d\000e\000r\000\050\000\051}{subsection.6.4.3}% 42
\BOOKMARK [3][-]{subsubsection.6.4.3.4}{\376\377\0006\000.\0004\000.\0003\000.\0004\000\040\000G\000e\000t\000O\000r\000d\000e\000r\000I\000n\000v\000o\000l\000v\000e\000d\000\050\000\051}{subsection.6.4.3}% 43
\BOOKMARK [3][-]{subsubsection.6.4.3.5}{\376\377\0006\000.\0004\000.\0003\000.\0005\000\040\000G\000e\000t\000O\000r\000d\000e\000r\000I\000t\000e\000m\000s\000\050\000\051}{subsection.6.4.3}% 44
\BOOKMARK [3][-]{subsubsection.6.4.3.6}{\376\377\0006\000.\0004\000.\0003\000.\0006\000\040\000G\000e\000t\000T\000o\000t\000a\000l\000P\000r\000i\000c\000e\000S\000t\000r\000i\000n\000g\000\050\000\051}{subsection.6.4.3}% 45
\BOOKMARK [3][-]{subsubsection.6.4.3.7}{\376\377\0006\000.\0004\000.\0003\000.\0007\000\040\000U\000p\000d\000a\000t\000e\000O\000r\000d\000e\000r\000\050\000\051}{subsection.6.4.3}% 46
\BOOKMARK [3][-]{subsubsection.6.4.3.8}{\376\377\0006\000.\0004\000.\0003\000.\0008\000\040\000U\000p\000d\000a\000t\000e\000O\000r\000d\000e\000r\000S\000t\000a\000t\000u\000s\000\050\000\051}{subsection.6.4.3}% 47
\BOOKMARK [1][-]{section.6.5}{\376\377\0006\000.\0005\000\040\000H\000t\000t\000p\000W\000e\000b\000s\000h\000o\000p\000C\000o\000o\000k\000i\000e\000.\000S\000e\000r\000v\000i\000c\000e\000s\000.\000P\000o\000s\000t\000a\000l\000C\000o\000d\000e\000E\000n\000t\000r\000y\000\040\000C\000l\000a\000s\000s\000\040\000R\000e\000f\000e\000r\000e\000n\000c\000e}{chapter.6}% 48
\BOOKMARK [2][-]{subsection.6.5.1}{\376\377\0006\000.\0005\000.\0001\000\040\000D\000e\000t\000a\000i\000l\000e\000d\000\040\000D\000e\000s\000c\000r\000i\000p\000t\000i\000o\000n}{section.6.5}% 49
\BOOKMARK [2][-]{subsection.6.5.2}{\376\377\0006\000.\0005\000.\0002\000\040\000P\000r\000o\000p\000e\000r\000t\000y\000\040\000D\000o\000c\000u\000m\000e\000n\000t\000a\000t\000i\000o\000n}{section.6.5}% 50
\BOOKMARK [3][-]{subsubsection.6.5.2.1}{\376\377\0006\000.\0005\000.\0002\000.\0001\000\040\000C\000i\000t\000y\000N\000a\000m\000e}{subsection.6.5.2}% 51
\BOOKMARK [3][-]{subsubsection.6.5.2.2}{\376\377\0006\000.\0005\000.\0002\000.\0002\000\040\000P\000o\000s\000t\000a\000l\000C\000o\000d\000e}{subsection.6.5.2}% 52
\BOOKMARK [1][-]{section.6.6}{\376\377\0006\000.\0006\000\040\000H\000t\000t\000p\000W\000e\000b\000s\000h\000o\000p\000C\000o\000o\000k\000i\000e\000.\000S\000e\000r\000v\000i\000c\000e\000s\000.\000P\000o\000s\000t\000a\000l\000C\000o\000d\000e\000S\000e\000r\000v\000i\000c\000e\000\040\000C\000l\000a\000s\000s\000\040\000R\000e\000f\000e\000r\000e\000n\000c\000e}{chapter.6}% 53
\BOOKMARK [2][-]{subsection.6.6.1}{\376\377\0006\000.\0006\000.\0001\000\040\000D\000e\000t\000a\000i\000l\000e\000d\000\040\000D\000e\000s\000c\000r\000i\000p\000t\000i\000o\000n}{section.6.6}% 54
\BOOKMARK [2][-]{subsection.6.6.2}{\376\377\0006\000.\0006\000.\0002\000\040\000C\000o\000n\000s\000t\000r\000u\000c\000t\000o\000r\000\040\000\046\000\040\000D\000e\000s\000t\000r\000u\000c\000t\000o\000r\000\040\000D\000o\000c\000u\000m\000e\000n\000t\000a\000t\000i\000o\000n}{section.6.6}% 55
\BOOKMARK [3][-]{subsubsection.6.6.2.1}{\376\377\0006\000.\0006\000.\0002\000.\0001\000\040\000P\000o\000s\000t\000a\000l\000C\000o\000d\000e\000S\000e\000r\000v\000i\000c\000e\000\050\000\051}{subsection.6.6.2}% 56
\BOOKMARK [2][-]{subsection.6.6.3}{\376\377\0006\000.\0006\000.\0003\000\040\000M\000e\000m\000b\000e\000r\000\040\000F\000u\000n\000c\000t\000i\000o\000n\000\040\000D\000o\000c\000u\000m\000e\000n\000t\000a\000t\000i\000o\000n}{section.6.6}% 57
\BOOKMARK [3][-]{subsubsection.6.6.3.1}{\376\377\0006\000.\0006\000.\0003\000.\0001\000\040\000G\000e\000t\000C\000i\000t\000y\000B\000y\000P\000o\000s\000t\000a\000l\000C\000o\000d\000e\000\050\000\051}{subsection.6.6.3}% 58
\BOOKMARK [1][-]{section.6.7}{\376\377\0006\000.\0007\000\040\000H\000t\000t\000p\000W\000e\000b\000s\000h\000o\000p\000C\000o\000o\000k\000i\000e\000.\000S\000e\000r\000v\000i\000c\000e\000s\000.\000P\000r\000o\000d\000u\000c\000t\000S\000e\000r\000v\000i\000c\000e\000\040\000C\000l\000a\000s\000s\000\040\000R\000e\000f\000e\000r\000e\000n\000c\000e}{chapter.6}% 59
\BOOKMARK [2][-]{subsection.6.7.1}{\376\377\0006\000.\0007\000.\0001\000\040\000D\000e\000t\000a\000i\000l\000e\000d\000\040\000D\000e\000s\000c\000r\000i\000p\000t\000i\000o\000n}{section.6.7}% 60
\BOOKMARK [2][-]{subsection.6.7.2}{\376\377\0006\000.\0007\000.\0002\000\040\000C\000o\000n\000s\000t\000r\000u\000c\000t\000o\000r\000\040\000\046\000\040\000D\000e\000s\000t\000r\000u\000c\000t\000o\000r\000\040\000D\000o\000c\000u\000m\000e\000n\000t\000a\000t\000i\000o\000n}{section.6.7}% 61
\BOOKMARK [3][-]{subsubsection.6.7.2.1}{\376\377\0006\000.\0007\000.\0002\000.\0001\000\040\000P\000r\000o\000d\000u\000c\000t\000S\000e\000r\000v\000i\000c\000e\000\050\000\051}{subsection.6.7.2}% 62
\BOOKMARK [2][-]{subsection.6.7.3}{\376\377\0006\000.\0007\000.\0003\000\040\000M\000e\000m\000b\000e\000r\000\040\000F\000u\000n\000c\000t\000i\000o\000n\000\040\000D\000o\000c\000u\000m\000e\000n\000t\000a\000t\000i\000o\000n}{section.6.7}% 63
\BOOKMARK [3][-]{subsubsection.6.7.3.1}{\376\377\0006\000.\0007\000.\0003\000.\0001\000\040\000A\000d\000d\000P\000r\000o\000d\000u\000c\000t\000\050\000\051}{subsection.6.7.3}% 64
\BOOKMARK [3][-]{subsubsection.6.7.3.2}{\376\377\0006\000.\0007\000.\0003\000.\0002\000\040\000D\000e\000l\000e\000t\000e\000P\000r\000o\000d\000u\000c\000t\000\050\000\051}{subsection.6.7.3}% 65
\BOOKMARK [3][-]{subsubsection.6.7.3.3}{\376\377\0006\000.\0007\000.\0003\000.\0003\000\040\000G\000e\000t\000P\000r\000o\000d\000u\000c\000t\000B\000y\000I\000d\000\050\000\051}{subsection.6.7.3}% 66
\BOOKMARK [3][-]{subsubsection.6.7.3.4}{\376\377\0006\000.\0007\000.\0003\000.\0004\000\040\000G\000e\000t\000P\000r\000o\000d\000u\000c\000t\000s\000\050\000\051}{subsection.6.7.3}% 67
\BOOKMARK [3][-]{subsubsection.6.7.3.5}{\376\377\0006\000.\0007\000.\0003\000.\0005\000\040\000U\000p\000d\000a\000t\000e\000P\000r\000o\000d\000u\000c\000t\000\050\000\051}{subsection.6.7.3}% 68
\BOOKMARK [1][-]{section.6.8}{\376\377\0006\000.\0008\000\040\000H\000t\000t\000p\000W\000e\000b\000s\000h\000o\000p\000C\000o\000o\000k\000i\000e\000.\000S\000e\000r\000v\000i\000c\000e\000s\000.\000S\000m\000t\000p\000S\000e\000t\000t\000i\000n\000g\000s\000\040\000C\000l\000a\000s\000s\000\040\000R\000e\000f\000e\000r\000e\000n\000c\000e}{chapter.6}% 69
\BOOKMARK [2][-]{subsection.6.8.1}{\376\377\0006\000.\0008\000.\0001\000\040\000D\000e\000t\000a\000i\000l\000e\000d\000\040\000D\000e\000s\000c\000r\000i\000p\000t\000i\000o\000n}{section.6.8}% 70
\BOOKMARK [2][-]{subsection.6.8.2}{\376\377\0006\000.\0008\000.\0002\000\040\000P\000r\000o\000p\000e\000r\000t\000y\000\040\000D\000o\000c\000u\000m\000e\000n\000t\000a\000t\000i\000o\000n}{section.6.8}% 71
\BOOKMARK [3][-]{subsubsection.6.8.2.1}{\376\377\0006\000.\0008\000.\0002\000.\0001\000\040\000P\000a\000s\000s\000w\000o\000r\000d}{subsection.6.8.2}% 72
\BOOKMARK [3][-]{subsubsection.6.8.2.2}{\376\377\0006\000.\0008\000.\0002\000.\0002\000\040\000P\000o\000r\000t}{subsection.6.8.2}% 73
\BOOKMARK [3][-]{subsubsection.6.8.2.3}{\376\377\0006\000.\0008\000.\0002\000.\0003\000\040\000S\000e\000n\000d\000e\000r\000E\000m\000a\000i\000l}{subsection.6.8.2}% 74
\BOOKMARK [3][-]{subsubsection.6.8.2.4}{\376\377\0006\000.\0008\000.\0002\000.\0004\000\040\000S\000e\000n\000d\000e\000r\000N\000a\000m\000e}{subsection.6.8.2}% 75
\BOOKMARK [3][-]{subsubsection.6.8.2.5}{\376\377\0006\000.\0008\000.\0002\000.\0005\000\040\000S\000e\000r\000v\000e\000r}{subsection.6.8.2}% 76
\BOOKMARK [3][-]{subsubsection.6.8.2.6}{\376\377\0006\000.\0008\000.\0002\000.\0006\000\040\000U\000s\000e\000r\000n\000a\000m\000e}{subsection.6.8.2}% 77
\BOOKMARK [1][-]{section.6.9}{\376\377\0006\000.\0009\000\040\000H\000t\000t\000p\000W\000e\000b\000s\000h\000o\000p\000C\000o\000o\000k\000i\000e\000.\000S\000e\000r\000v\000i\000c\000e\000s\000.\000T\000a\000g\000S\000e\000r\000v\000i\000c\000e\000\040\000C\000l\000a\000s\000s\000\040\000R\000e\000f\000e\000r\000e\000n\000c\000e}{chapter.6}% 78
\BOOKMARK [2][-]{subsection.6.9.1}{\376\377\0006\000.\0009\000.\0001\000\040\000D\000e\000t\000a\000i\000l\000e\000d\000\040\000D\000e\000s\000c\000r\000i\000p\000t\000i\000o\000n}{section.6.9}% 79
\BOOKMARK [2][-]{subsection.6.9.2}{\376\377\0006\000.\0009\000.\0002\000\040\000C\000o\000n\000s\000t\000r\000u\000c\000t\000o\000r\000\040\000\046\000\040\000D\000e\000s\000t\000r\000u\000c\000t\000o\000r\000\040\000D\000o\000c\000u\000m\000e\000n\000t\000a\000t\000i\000o\000n}{section.6.9}% 80
\BOOKMARK [3][-]{subsubsection.6.9.2.1}{\376\377\0006\000.\0009\000.\0002\000.\0001\000\040\000T\000a\000g\000S\000e\000r\000v\000i\000c\000e\000\050\000\051}{subsection.6.9.2}% 81
\BOOKMARK [2][-]{subsection.6.9.3}{\376\377\0006\000.\0009\000.\0003\000\040\000M\000e\000m\000b\000e\000r\000\040\000F\000u\000n\000c\000t\000i\000o\000n\000\040\000D\000o\000c\000u\000m\000e\000n\000t\000a\000t\000i\000o\000n}{section.6.9}% 82
\BOOKMARK [3][-]{subsubsection.6.9.3.1}{\376\377\0006\000.\0009\000.\0003\000.\0001\000\040\000C\000r\000e\000a\000t\000e\000T\000a\000g\000A\000s\000y\000n\000c\000\050\000\051}{subsection.6.9.3}% 83
\BOOKMARK [3][-]{subsubsection.6.9.3.2}{\376\377\0006\000.\0009\000.\0003\000.\0002\000\040\000D\000e\000l\000e\000t\000e\000T\000a\000g\000A\000s\000y\000n\000c\000\050\000\051}{subsection.6.9.3}% 84
\BOOKMARK [3][-]{subsubsection.6.9.3.3}{\376\377\0006\000.\0009\000.\0003\000.\0003\000\040\000G\000e\000t\000O\000c\000c\000a\000s\000i\000o\000n\000s\000A\000s\000y\000n\000c\000\050\000\051}{subsection.6.9.3}% 85
\BOOKMARK [3][-]{subsubsection.6.9.3.4}{\376\377\0006\000.\0009\000.\0003\000.\0004\000\040\000G\000e\000t\000T\000a\000g\000B\000y\000I\000d\000A\000s\000y\000n\000c\000\050\000\051}{subsection.6.9.3}% 86
\BOOKMARK [3][-]{subsubsection.6.9.3.5}{\376\377\0006\000.\0009\000.\0003\000.\0005\000\040\000G\000e\000t\000T\000a\000g\000s\000A\000s\000y\000n\000c\000\050\000\051}{subsection.6.9.3}% 87
\BOOKMARK [3][-]{subsubsection.6.9.3.6}{\376\377\0006\000.\0009\000.\0003\000.\0006\000\040\000G\000e\000t\000T\000a\000g\000s\000O\000r\000d\000e\000r\000e\000d\000B\000y\000O\000c\000c\000a\000s\000i\000o\000n\000A\000s\000y\000n\000c\000\050\000\051\000\040\000[\0001\000/\0002\000]}{subsection.6.9.3}% 88
\BOOKMARK [3][-]{subsubsection.6.9.3.7}{\376\377\0006\000.\0009\000.\0003\000.\0007\000\040\000G\000e\000t\000T\000a\000g\000s\000O\000r\000d\000e\000r\000e\000d\000B\000y\000O\000c\000c\000a\000s\000i\000o\000n\000A\000s\000y\000n\000c\000\050\000\051\000\040\000[\0002\000/\0002\000]}{subsection.6.9.3}% 89
\BOOKMARK [3][-]{subsubsection.6.9.3.8}{\376\377\0006\000.\0009\000.\0003\000.\0008\000\040\000U\000p\000d\000a\000t\000e\000T\000a\000g\000A\000s\000y\000n\000c\000\050\000\051}{subsection.6.9.3}% 90
\BOOKMARK [0][-]{chapter.7}{\376\377\0007\000\040\000F\000i\000l\000e\000\040\000D\000o\000c\000u\000m\000e\000n\000t\000a\000t\000i\000o\000n}{}% 91
\BOOKMARK [1][-]{section.7.1}{\376\377\0007\000.\0001\000\040\000C\000:\000/\000U\000s\000e\000r\000s\000/\000C\000a\000l\000-\000l\000/\000D\000o\000c\000u\000m\000e\000n\000t\000s\000/\000G\000i\000t\000H\000u\000b\000/\000H\000t\000t\000p\000W\000e\000b\000s\000h\000o\000p\000C\000o\000o\000k\000i\000e\000/\000H\000t\000t\000p\000W\000e\000b\000s\000h\000o\000p\000C\000o\000o\000k\000i\000e\000/\000S\000e\000r\000v\000i\000c\000e\000s\000/\000B\000a\000s\000k\000e\000t\000S\000e\000r\000v\000i\000c\000e\000.\000c\000s\000\040\000F\000i\000l\000e\000\040\000R\000e\000f\000e\000r\000e\000n\000c\000e}{chapter.7}% 92
\BOOKMARK [1][-]{section.7.2}{\376\377\0007\000.\0002\000\040\000B\000a\000s\000k\000e\000t\000S\000e\000r\000v\000i\000c\000e\000.\000c\000s}{chapter.7}% 93
\BOOKMARK [1][-]{section.7.3}{\376\377\0007\000.\0003\000\040\000C\000:\000/\000U\000s\000e\000r\000s\000/\000C\000a\000l\000-\000l\000/\000D\000o\000c\000u\000m\000e\000n\000t\000s\000/\000G\000i\000t\000H\000u\000b\000/\000H\000t\000t\000p\000W\000e\000b\000s\000h\000o\000p\000C\000o\000o\000k\000i\000e\000/\000H\000t\000t\000p\000W\000e\000b\000s\000h\000o\000p\000C\000o\000o\000k\000i\000e\000/\000S\000e\000r\000v\000i\000c\000e\000s\000/\000E\000m\000a\000i\000l\000S\000e\000r\000v\000i\000c\000e\000.\000c\000s\000\040\000F\000i\000l\000e\000\040\000R\000e\000f\000e\000r\000e\000n\000c\000e}{chapter.7}% 94
\BOOKMARK [1][-]{section.7.4}{\376\377\0007\000.\0004\000\040\000E\000m\000a\000i\000l\000S\000e\000r\000v\000i\000c\000e\000.\000c\000s}{chapter.7}% 95
\BOOKMARK [1][-]{section.7.5}{\376\377\0007\000.\0005\000\040\000C\000:\000/\000U\000s\000e\000r\000s\000/\000C\000a\000l\000-\000l\000/\000D\000o\000c\000u\000m\000e\000n\000t\000s\000/\000G\000i\000t\000H\000u\000b\000/\000H\000t\000t\000p\000W\000e\000b\000s\000h\000o\000p\000C\000o\000o\000k\000i\000e\000/\000H\000t\000t\000p\000W\000e\000b\000s\000h\000o\000p\000C\000o\000o\000k\000i\000e\000/\000S\000e\000r\000v\000i\000c\000e\000s\000/\000I\000d\000e\000n\000t\000i\000t\000y\000E\000m\000a\000i\000l\000S\000e\000n\000d\000e\000r\000.\000c\000s\000\040\000F\000i\000l\000e\000\040\000R\000e\000f\000e\000r\000e\000n\000c\000e}{chapter.7}% 96
\BOOKMARK [1][-]{section.7.6}{\376\377\0007\000.\0006\000\040\000I\000d\000e\000n\000t\000i\000t\000y\000E\000m\000a\000i\000l\000S\000e\000n\000d\000e\000r\000.\000c\000s}{chapter.7}% 97
\BOOKMARK [1][-]{section.7.7}{\376\377\0007\000.\0007\000\040\000C\000:\000/\000U\000s\000e\000r\000s\000/\000C\000a\000l\000-\000l\000/\000D\000o\000c\000u\000m\000e\000n\000t\000s\000/\000G\000i\000t\000H\000u\000b\000/\000H\000t\000t\000p\000W\000e\000b\000s\000h\000o\000p\000C\000o\000o\000k\000i\000e\000/\000H\000t\000t\000p\000W\000e\000b\000s\000h\000o\000p\000C\000o\000o\000k\000i\000e\000/\000S\000e\000r\000v\000i\000c\000e\000s\000/\000O\000r\000d\000e\000r\000S\000e\000r\000v\000i\000c\000e\000.\000c\000s\000\040\000F\000i\000l\000e\000\040\000R\000e\000f\000e\000r\000e\000n\000c\000e}{chapter.7}% 98
\BOOKMARK [1][-]{section.7.8}{\376\377\0007\000.\0008\000\040\000O\000r\000d\000e\000r\000S\000e\000r\000v\000i\000c\000e\000.\000c\000s}{chapter.7}% 99
\BOOKMARK [1][-]{section.7.9}{\376\377\0007\000.\0009\000\040\000C\000:\000/\000U\000s\000e\000r\000s\000/\000C\000a\000l\000-\000l\000/\000D\000o\000c\000u\000m\000e\000n\000t\000s\000/\000G\000i\000t\000H\000u\000b\000/\000H\000t\000t\000p\000W\000e\000b\000s\000h\000o\000p\000C\000o\000o\000k\000i\000e\000/\000H\000t\000t\000p\000W\000e\000b\000s\000h\000o\000p\000C\000o\000o\000k\000i\000e\000/\000S\000e\000r\000v\000i\000c\000e\000s\000/\000P\000o\000s\000t\000a\000l\000C\000o\000d\000e\000S\000e\000r\000v\000i\000c\000e\000.\000c\000s\000\040\000F\000i\000l\000e\000\040\000R\000e\000f\000e\000r\000e\000n\000c\000e}{chapter.7}% 100
\BOOKMARK [1][-]{section.7.10}{\376\377\0007\000.\0001\0000\000\040\000P\000o\000s\000t\000a\000l\000C\000o\000d\000e\000S\000e\000r\000v\000i\000c\000e\000.\000c\000s}{chapter.7}% 101
\BOOKMARK [1][-]{section.7.11}{\376\377\0007\000.\0001\0001\000\040\000C\000:\000/\000U\000s\000e\000r\000s\000/\000C\000a\000l\000-\000l\000/\000D\000o\000c\000u\000m\000e\000n\000t\000s\000/\000G\000i\000t\000H\000u\000b\000/\000H\000t\000t\000p\000W\000e\000b\000s\000h\000o\000p\000C\000o\000o\000k\000i\000e\000/\000H\000t\000t\000p\000W\000e\000b\000s\000h\000o\000p\000C\000o\000o\000k\000i\000e\000/\000S\000e\000r\000v\000i\000c\000e\000s\000/\000P\000r\000o\000d\000u\000c\000t\000S\000e\000r\000v\000i\000c\000e\000.\000c\000s\000\040\000F\000i\000l\000e\000\040\000R\000e\000f\000e\000r\000e\000n\000c\000e}{chapter.7}% 102
\BOOKMARK [1][-]{section.7.12}{\376\377\0007\000.\0001\0002\000\040\000P\000r\000o\000d\000u\000c\000t\000S\000e\000r\000v\000i\000c\000e\000.\000c\000s}{chapter.7}% 103
\BOOKMARK [1][-]{section.7.13}{\376\377\0007\000.\0001\0003\000\040\000C\000:\000/\000U\000s\000e\000r\000s\000/\000C\000a\000l\000-\000l\000/\000D\000o\000c\000u\000m\000e\000n\000t\000s\000/\000G\000i\000t\000H\000u\000b\000/\000H\000t\000t\000p\000W\000e\000b\000s\000h\000o\000p\000C\000o\000o\000k\000i\000e\000/\000H\000t\000t\000p\000W\000e\000b\000s\000h\000o\000p\000C\000o\000o\000k\000i\000e\000/\000S\000e\000r\000v\000i\000c\000e\000s\000/\000T\000a\000g\000S\000e\000r\000v\000i\000c\000e\000.\000c\000s\000\040\000F\000i\000l\000e\000\040\000R\000e\000f\000e\000r\000e\000n\000c\000e}{chapter.7}% 104
\BOOKMARK [1][-]{section.7.14}{\376\377\0007\000.\0001\0004\000\040\000T\000a\000g\000S\000e\000r\000v\000i\000c\000e\000.\000c\000s}{chapter.7}% 105
\BOOKMARK [0][-]{section*.25}{\376\377\000I\000n\000d\000e\000x}{}% 106
